app/build/outputs/logs/manifest-merger-debug-report.txt
-- Merging decision tree log ---
manifest
ADDED from src\main\AndroidManifest.xml:2:1-93:12
	package
		ADDED from src\main\AndroidManifest.xml:3:5-39
		INJECTED from src\main\AndroidManifest.xml
		INJECTED from src\main\AndroidManifest.xml
	android:versionName
		ADDED from src\main\AndroidManifest.xml:5:5-30
		INJECTED from src\main\AndroidManifest.xml
		INJECTED from src\main\AndroidManifest.xml
	android:versionCode
		ADDED from src\main\AndroidManifest.xml:4:5-28
		INJECTED from src\main\AndroidManifest.xml
		INJECTED from src\main\AndroidManifest.xml
	xmlns:android
		ADDED from src\main\AndroidManifest.xml:2:11-69
uses-sdk
ADDED from src\main\AndroidManifest.xml:7:5-9:41
MERGED from [com.android.support:appcompat-v7:23.4.0] AndroidManifest.xml:21:5-23:78
MERGED from [com.android.support:animated-vector-drawable:23.4.0] AndroidManifest.xml:5:5-44
MERGED from [com.android.support:support-vector-drawable:23.4.0] AndroidManifest.xml:5:5-43
MERGED from [com.android.support:support-v4:23.4.0] AndroidManifest.xml:20:5-43
	tools:overrideLibrary
		ADDED from [com.android.support:appcompat-v7:23.4.0] AndroidManifest.xml:23:9-75
	android:targetSdkVersion
		ADDED from src\main\AndroidManifest.xml:9:9-38
		INJECTED from src\main\AndroidManifest.xml
		INJECTED from src\main\AndroidManifest.xml
	android:minSdkVersion
		ADDED from src\main\AndroidManifest.xml:8:9-35
		INJECTED from src\main\AndroidManifest.xml
		INJECTED from src\main\AndroidManifest.xml
uses-feature#android.hardware.camera2
ADDED from src\main\AndroidManifest.xml:11:5-13:35
	android:required
		ADDED from src\main\AndroidManifest.xml:13:9-32
	android:name
		ADDED from src\main\AndroidManifest.xml:12:9-48
uses-permission#android.permission.CAMERA
ADDED from src\main\AndroidManifest.xml:15:5-65
	android:name
		ADDED from src\main\AndroidManifest.xml:15:22-62
uses-permission#android.permission.WRITE_EXTERNAL_STORAGE
ADDED from src\main\AndroidManifest.xml:16:5-81
	android:name
		ADDED from src\main\AndroidManifest.xml:16:22-78
uses-permission#android.permission.READ_EXTERNAL_STORAGE
ADDED from src\main\AndroidManifest.xml:17:5-80
	android:name
		ADDED from src\main\AndroidManifest.xml:17:22-77
uses-permission#android.permission.READ_PHONE_STATE
ADDED from src\main\AndroidManifest.xml:18:5-75
	android:name
		ADDED from src\main\AndroidManifest.xml:18:22-72
uses-permission#android.permission.INTERNET
ADDED from src\main\AndroidManifest.xml:19:5-67
	android:name
		ADDED from src\main\AndroidManifest.xml:19:22-64
uses-permission#android.permission.ACCESS_NETWORK_STATE
ADDED from src\main\AndroidManifest.xml:20:5-79
	android:name
		ADDED from src\main\AndroidManifest.xml:20:22-76
uses-permission#android.permission.VIBRATE
ADDED from src\main\AndroidManifest.xml:21:5-66
	android:name
		ADDED from src\main\AndroidManifest.xml:21:22-63
application
ADDED from src\main\AndroidManifest.xml:23:5-91:19
MERGED from [com.android.support:appcompat-v7:23.4.0] AndroidManifest.xml:25:5-20
MERGED from [com.android.support:animated-vector-drawable:23.4.0] AndroidManifest.xml:7:5-20
MERGED from [com.android.support:support-vector-drawable:23.4.0] AndroidManifest.xml:7:5-20
MERGED from [com.android.support:support-v4:23.4.0] AndroidManifest.xml:22:5-20
	android:label
		ADDED from src\main\AndroidManifest.xml:26:9-41
	android:allowBackup
		ADDED from src\main\AndroidManifest.xml:24:9-35
	android:icon
		ADDED from src\main\AndroidManifest.xml:25:9-57
activity#com.example.teenpattinew.MainActivity
ADDED from src\main\AndroidManifest.xml:27:9-36:20
	android:screenOrientation
		ADDED from src\main\AndroidManifest.xml:30:13-56
	android:label
		ADDED from src\main\AndroidManifest.xml:29:13-45
	android:name
		ADDED from src\main\AndroidManifest.xml:28:13-41
intent-filter#android.intent.action.MAIN+android.intent.category.LAUNCHER
ADDED from src\main\AndroidManifest.xml:31:13-35:29
action#android.intent.action.MAIN
ADDED from src\main\AndroidManifest.xml:32:17-69
	android:name
		ADDED from src\main\AndroidManifest.xml:32:25-66
category#android.intent.category.LAUNCHER
ADDED from src\main\AndroidManifest.xml:34:17-77
	android:name
		ADDED from src\main\AndroidManifest.xml:34:27-74
activity#com.example.teenpattinew.Login
ADDED from src\main\AndroidManifest.xml:37:9-46:20
	android:screenOrientation
		ADDED from src\main\AndroidManifest.xml:40:13-56
	android:label
		ADDED from src\main\AndroidManifest.xml:39:13-45
	android:name
		ADDED from src\main\AndroidManifest.xml:38:13-34
intent-filter#android.intent.action.MAIN+android.intent.category.DEFAULT
ADDED from src\main\AndroidManifest.xml:41:13-45:29
category#android.intent.category.DEFAULT
ADDED from src\main\AndroidManifest.xml:44:17-76
	android:name
		ADDED from src\main\AndroidManifest.xml:44:27-73
activity#com.example.teenpattinew.MenuActivity
ADDED from src\main\AndroidManifest.xml:47:9-56:20
	android:screenOrientation
		ADDED from src\main\AndroidManifest.xml:50:13-56
	android:label
		ADDED from src\main\AndroidManifest.xml:49:13-45
	android:name
		ADDED from src\main\AndroidManifest.xml:48:13-41
activity#com.example.teenpattinew.Table1Activity
ADDED from src\main\AndroidManifest.xml:57:9-61:20
	android:screenOrientation
		ADDED from src\main\AndroidManifest.xml:60:13-56
	android:label
		ADDED from src\main\AndroidManifest.xml:59:13-63
	android:name
		ADDED from src\main\AndroidManifest.xml:58:13-43
activity#com.example.teenpattinew.Exit_Dialog
ADDED from src\main\AndroidManifest.xml:62:9-65:20
	android:label
		ADDED from src\main\AndroidManifest.xml:64:13-64
	android:name
		ADDED from src\main\AndroidManifest.xml:63:13-40
activity#com.example.teenpattinew.UserPanelActivity
ADDED from src\main\AndroidManifest.xml:66:9-70:20
	android:screenOrientation
		ADDED from src\main\AndroidManifest.xml:69:13-56
	android:label
		ADDED from src\main\AndroidManifest.xml:68:13-62
	android:name
		ADDED from src\main\AndroidManifest.xml:67:13-46
activity#com.example.teenpattinew.LoginSecond
ADDED from src\main\AndroidManifest.xml:71:9-75:20
	android:screenOrientation
		ADDED from src\main\AndroidManifest.xml:74:13-56
	android:label
		ADDED from src\main\AndroidManifest.xml:73:13-64
	android:name
		ADDED from src\main\AndroidManifest.xml:72:13-40
activity#com.example.teenpattinew.DataRetrieve
ADDED from src\main\AndroidManifest.xml:76:9-80:20
	android:screenOrientation
		ADDED from src\main\AndroidManifest.xml:79:13-56
	android:label
		ADDED from src\main\AndroidManifest.xml:78:13-65
	android:name
		ADDED from src\main\AndroidManifest.xml:77:13-41
activity#com.example.teenpattinew.PublicTable
ADDED from src\main\AndroidManifest.xml:81:9-85:20
	android:screenOrientation
		ADDED from src\main\AndroidManifest.xml:84:13-56
	android:label
		ADDED from src\main\AndroidManifest.xml:83:13-64
	android:name
		ADDED from src\main\AndroidManifest.xml:82:13-40
activity#com.example.teenpattinew.LuxuryTable
ADDED from src\main\AndroidManifest.xml:86:9-90:20
	android:screenOrientation
		ADDED from src\main\AndroidManifest.xml:89:13-56
	android:label
		ADDED from src\main\AndroidManifest.xml:88:13-64
	android:name
		ADDED from src\main\AndroidManifest.xml:87:13-40